<?xml version="1.0" encoding="UTF-8"?>
<testsuites name="HerokuTestSuite" time="23.694" tests="1" failures="0" errors="0">
   <testsuite name="HerokuTestSuite" tests="1" failures="0" errors="0" time="23.694" skipped="0" timestamp="2023-03-15 18:45:05" hostname="Raxil.Patel - LP116.1rivet.local" id="Test Suites/HerokuAppDemo/HerokuTestSuite">
      <properties>
         <property name="deviceName" value=""/>
         <property name="devicePlatform" value=""/>
         <property name="logFolder" value="C:\\Users\\Raxil.Patel\\workspace\\Katalon Studio\\Learning\\Web\\Webinar\\Web\\DemoForWebKS\\Reports\\20230315_184450\\HerokuAppDemo\\HerokuTestSuite\\20230315_184450"/>
         <property name="logFiles" value="C:\\Users\\Raxil.Patel\\workspace\\Katalon Studio\\Learning\\Web\\Webinar\\Web\\DemoForWebKS\\Reports\\20230315_184450\\HerokuAppDemo\\HerokuTestSuite\\20230315_184450\\execution0.log"/>
         <property name="attachments" value=""/>
         <property name="hostName" value="Raxil.Patel - LP116.1rivet.local"/>
         <property name="os" value="Windows 10 64bit"/>
         <property name="katalonVersion" value="8.5.5.208"/>
         <property name="browser" value="Chrome 111.0.0.0"/>
         <property name="hostAddress" value="172.16.1.132"/>
         <property name="sessionId" value="0e79f593e73625dfeded2572c6ed76b6"/>
         <property name="seleniumVersion" value="3.141.59"/>
         <property name="proxyInformation" value="ProxyInformation { proxyOption=NO_PROXY, proxyServerType=HTTP, username=, password=********, proxyServerAddress=, proxyServerPort=0, executionList=&quot;&quot;, isApplyToDesiredCapabilities=true }"/>
         <property name="platform" value="Windows 10"/>
      </properties>
      <testcase name="Test Cases/Demo/Demo" time="21.825" classname="Test Cases/Demo/Demo" status="PASSED">
         <system-out><![CDATA[2023-03-15 18:45:07 - [TEST_CASE][PASSED] - Test Cases/Demo/Demo: Test Cases/Demo/Demo

2023-03-15 18:45:09 - [TEST_STEP][PASSED] - openBrowser(""): Browser is opened with url: ''

2023-03-15 18:45:11 - [MESSAGE][INFO] - Starting 'Chrome' driver

2023-03-15 18:45:11 - [MESSAGE][INFO] - Action delay is set to 0 milliseconds

2023-03-15 18:45:19 - [MESSAGE][PASSED] - Browser is opened with url: ''

2023-03-15 18:45:19 - [TEST_STEP][PASSED] - navigateToUrl("https://www.google.com"): Navigate to 'https://www.google.com' successfully

2023-03-15 18:45:23 - [MESSAGE][PASSED] - Navigate to 'https://www.google.com' successfully

2023-03-15 18:45:23 - [TEST_STEP][PASSED] - closeBrowser(): Browser is closed

2023-03-15 18:45:27 - [MESSAGE][PASSED] - Browser is closed

2023-03-15 18:45:29 - [TEST_STEP][PASSED] - Video: Video recording for test case 'Test Cases/Demo/Demo' .

2023-03-15 18:45:29 - [MESSAGE][INFO] - Video recording for test case 'Test Cases/Demo/Demo' .]]></system-out>
         <system-err><![CDATA[]]></system-err>
      </testcase>
      <system-out><![CDATA[2023-03-15 18:45:05 - [TEST_SUITE][PASSED] - HerokuTestSuite: Test Cases/Demo/Demo]]></system-out>
      <system-err><![CDATA[]]></system-err>
   </testsuite>
</testsuites>
