<?xml version="1.0" encoding="UTF-8"?>
<testsuites name="DDTDemo" time="23.351" tests="1" failures="0" errors="0">
   <testsuite name="DDTDemo" tests="1" failures="0" errors="0" time="23.351" skipped="0" timestamp="2023-03-21 19:04:35" hostname="Raxil.Patel - LP116.1rivet.local" id="Test Suites/DDTDemo">
      <properties>
         <property name="deviceName" value=""/>
         <property name="devicePlatform" value=""/>
         <property name="logFolder" value="C:\\Users\\Raxil.Patel\\workspace\\Katalon Studio\\Learning\\Web\\Webinar\\Web\\DemoForWebKS\\Reports\\20230321_190424\\DDTDemo\\20230321_190426"/>
         <property name="logFiles" value="C:\\Users\\Raxil.Patel\\workspace\\Katalon Studio\\Learning\\Web\\Webinar\\Web\\DemoForWebKS\\Reports\\20230321_190424\\DDTDemo\\20230321_190426\\execution0.log"/>
         <property name="attachments" value=""/>
         <property name="hostName" value="Raxil.Patel - LP116.1rivet.local"/>
         <property name="os" value="Windows 10 64bit"/>
         <property name="katalonVersion" value="8.6.0.208"/>
         <property name="browser" value="Chrome 111.0.0.0"/>
         <property name="hostAddress" value="172.16.1.132"/>
         <property name="sessionId" value="d19d87262445665248891e1939614311"/>
         <property name="seleniumVersion" value="3.141.59"/>
         <property name="proxyInformation" value="ProxyInformation { proxyOption=NO_PROXY, proxyServerType=HTTP, username=, password=********, proxyServerAddress=, proxyServerPort=0, executionList=&quot;&quot;, isApplyToDesiredCapabilities=true }"/>
         <property name="platform" value="Windows 10"/>
      </properties>
      <testcase name="Test Cases/Demo/DataDrivenTesting" time="22.567" classname="Test Cases/Demo/DataDrivenTesting" status="PASSED">
         <system-out><![CDATA[2023-03-21 19:04:36 - [TEST_CASE][PASSED] - Test Cases/Demo/DataDrivenTesting: Test Cases/Demo/DataDrivenTesting

2023-03-21 19:04:37 - [TEST_STEP][PASSED] - openBrowser("", STOP_ON_FAILURE): Browser is opened with url: ''

2023-03-21 19:04:38 - [MESSAGE][INFO] - Starting 'Chrome' driver

2023-03-21 19:04:38 - [MESSAGE][INFO] - Action delay is set to 0 milliseconds

2023-03-21 19:04:43 - [MESSAGE][PASSED] - Browser is opened with url: ''

2023-03-21 19:04:44 - [TEST_STEP][PASSED] - maximizeWindow(): Current window maximized

2023-03-21 19:04:44 - [MESSAGE][PASSED] - Current window maximized

2023-03-21 19:04:44 - [TEST_STEP][PASSED] - navigateToUrl("https://opensource-demo.orangehrmlive.com/web/index.php/auth/login"): Navigate to 'https://opensource-demo.orangehrmlive.com/web/index.php/auth/login' successfully

2023-03-21 19:04:48 - [MESSAGE][PASSED] - Navigate to 'https://opensource-demo.orangehrmlive.com/web/index.php/auth/login' successfully

2023-03-21 19:04:48 - [TEST_STEP][PASSED] - setText(findTestObject("Object Repository/ManualModeDemo/Page_OrangeHRM/input_Username_username"), username): Text 'Admin' is set on object 'Object Repository/ManualModeDemo/Page_OrangeHRM/input_Username_username'

2023-03-21 19:04:50 - [MESSAGE][PASSED] - Text 'Admin' is set on object 'Object Repository/ManualModeDemo/Page_OrangeHRM/input_Username_username'

2023-03-21 19:04:50 - [TEST_STEP][PASSED] - setEncryptedText(findTestObject("Object Repository/ManualModeDemo/Page_OrangeHRM/input_Password_password"), password): Text ****** has been set on object 'Object Repository/ManualModeDemo/Page_OrangeHRM/input_Password_password'

2023-03-21 19:04:50 - [MESSAGE][PASSED] - Text ****** has been set on object 'Object Repository/ManualModeDemo/Page_OrangeHRM/input_Password_password'

2023-03-21 19:04:50 - [TEST_STEP][PASSED] - click(findTestObject("Object Repository/ManualModeDemo/Page_OrangeHRM/button_Login")): Object: 'Object Repository/ManualModeDemo/Page_OrangeHRM/button_Login' is clicked on

2023-03-21 19:04:52 - [MESSAGE][PASSED] - Object: 'Object Repository/ManualModeDemo/Page_OrangeHRM/button_Login' is clicked on

2023-03-21 19:04:52 - [TEST_STEP][PASSED] - verifyTextPresent("Dashboard", false): Text 'Dashboard' is present on page 

2023-03-21 19:04:55 - [MESSAGE][PASSED] - Text 'Dashboard' is present on page 

2023-03-21 19:04:55 - [TEST_STEP][PASSED] - closeBrowser(): Browser is closed

2023-03-21 19:04:56 - [MESSAGE][PASSED] - Browser is closed

2023-03-21 19:04:58 - [TEST_STEP][PASSED] - Video: Video recording for test case 'Test Cases/Demo/DataDrivenTesting' .

2023-03-21 19:04:58 - [MESSAGE][INFO] - Video recording for test case 'Test Cases/Demo/DataDrivenTesting' .]]></system-out>
         <system-err><![CDATA[]]></system-err>
      </testcase>
      <system-out><![CDATA[2023-03-21 19:04:35 - [TEST_SUITE][PASSED] - DDTDemo: Test Cases/Demo/DataDrivenTesting]]></system-out>
      <system-err><![CDATA[]]></system-err>
   </testsuite>
</testsuites>
