<?xml version="1.0" encoding="UTF-8"?>
<testsuites name="HerokuTestSuite" time="50.386" tests="1" failures="0" errors="0">
   <testsuite name="HerokuTestSuite" tests="1" failures="0" errors="0" time="50.386" skipped="0" timestamp="2023-03-15 12:48:14" hostname="Raxil.Patel - LP116.1rivet.local" id="Test Suites/HerokuAppDemo/HerokuTestSuite">
      <properties>
         <property name="deviceName" value=""/>
         <property name="devicePlatform" value=""/>
         <property name="logFolder" value="C:\\Users\\Raxil.Patel\\workspace\\Katalon Studio\\Learning\\Web\\Webinar\\Web\\DemoForWebKS\\Reports\\20230315_124750\\HerokuAppDemo\\HerokuTestSuite\\20230315_124753"/>
         <property name="logFiles" value="C:\\Users\\Raxil.Patel\\workspace\\Katalon Studio\\Learning\\Web\\Webinar\\Web\\DemoForWebKS\\Reports\\20230315_124750\\HerokuAppDemo\\HerokuTestSuite\\20230315_124753\\execution0.log"/>
         <property name="attachments" value=""/>
         <property name="hostName" value="Raxil.Patel - LP116.1rivet.local"/>
         <property name="os" value="Windows 10 64bit"/>
         <property name="katalonVersion" value="8.5.5.208"/>
         <property name="browser" value="Chrome 111.0.0.0"/>
         <property name="hostAddress" value="172.16.1.132"/>
         <property name="sessionId" value="5adcfb4f3bdc49891f0d42ef491b0398"/>
         <property name="seleniumVersion" value="3.141.59"/>
         <property name="proxyInformation" value="ProxyInformation { proxyOption=NO_PROXY, proxyServerType=HTTP, username=, password=********, proxyServerAddress=, proxyServerPort=0, executionList=&quot;&quot;, isApplyToDesiredCapabilities=true }"/>
         <property name="platform" value="Windows 10"/>
      </properties>
      <testcase name="Test Cases/Demo/RecordModeDemo" time="48.131" classname="Test Cases/Demo/RecordModeDemo" status="PASSED">
         <system-out><![CDATA[2023-03-15 12:48:16 - [TEST_CASE][PASSED] - Test Cases/Demo/RecordModeDemo: Test Cases/Demo/RecordModeDemo

2023-03-15 12:48:18 - [TEST_STEP][PASSED] - openBrowser(""): Browser is opened with url: ''

2023-03-15 12:48:20 - [MESSAGE][INFO] - Starting 'Chrome' driver

2023-03-15 12:48:21 - [MESSAGE][INFO] - Action delay is set to 0 milliseconds

2023-03-15 12:48:32 - [MESSAGE][PASSED] - Browser is opened with url: ''

2023-03-15 12:48:32 - [TEST_STEP][PASSED] - navigateToUrl("https://katalon-demo-cura.herokuapp.com/"): Navigate to 'https://katalon-demo-cura.herokuapp.com/' successfully

2023-03-15 12:48:36 - [MESSAGE][PASSED] - Navigate to 'https://katalon-demo-cura.herokuapp.com/' successfully

2023-03-15 12:48:36 - [TEST_STEP][PASSED] - waitForElementVisible(findTestObject("Object Repository/RecordModeDemo/Page_CURA Healthcare Service/a_Make Appointment"), 0): Object 'Object Repository/RecordModeDemo/Page_CURA Healthcare Service/a_Make Appointment' is visible

2023-03-15 12:48:37 - [MESSAGE][WARNING] - Timeout '0' is invalid. Using default page load timeout: '30'

2023-03-15 12:48:38 - [MESSAGE][PASSED] - Object 'Object Repository/RecordModeDemo/Page_CURA Healthcare Service/a_Make Appointment' is visible

2023-03-15 12:48:38 - [TEST_STEP][PASSED] - click(findTestObject("Object Repository/RecordModeDemo/Page_CURA Healthcare Service/a_Make Appointment")): Object: 'Object Repository/RecordModeDemo/Page_CURA Healthcare Service/a_Make Appointment' is clicked on

2023-03-15 12:48:41 - [MESSAGE][PASSED] - Object: 'Object Repository/RecordModeDemo/Page_CURA Healthcare Service/a_Make Appointment' is clicked on

2023-03-15 12:48:41 - [TEST_STEP][PASSED] - setText(findTestObject("Object Repository/RecordModeDemo/Page_CURA Healthcare Service/input_Username_username"), "John Doe"): Text 'John Doe' is set on object 'Object Repository/RecordModeDemo/Page_CURA Healthcare Service/input_Username_username'

2023-03-15 12:48:43 - [MESSAGE][PASSED] - Text 'John Doe' is set on object 'Object Repository/RecordModeDemo/Page_CURA Healthcare Service/input_Username_username'

2023-03-15 12:48:43 - [TEST_STEP][PASSED] - setEncryptedText(findTestObject("Object Repository/RecordModeDemo/Page_CURA Healthcare Service/input_Password_password"), "g3/DOGG74jC3Flrr3yH+3D/yKbOqqUNM"): Text ****** has been set on object 'Object Repository/RecordModeDemo/Page_CURA Healthcare Service/input_Password_password'

2023-03-15 12:48:45 - [MESSAGE][PASSED] - Text ****** has been set on object 'Object Repository/RecordModeDemo/Page_CURA Healthcare Service/input_Password_password'

2023-03-15 12:48:45 - [TEST_STEP][PASSED] - verifyElementClickable(findTestObject("Object Repository/RecordModeDemo/Page_CURA Healthcare Service/button_Login")): Object 'Object Repository/RecordModeDemo/Page_CURA Healthcare Service/button_Login' is clickable

2023-03-15 12:48:46 - [MESSAGE][PASSED] - Object 'Object Repository/RecordModeDemo/Page_CURA Healthcare Service/button_Login' is clickable

2023-03-15 12:48:46 - [TEST_STEP][PASSED] - click(findTestObject("Object Repository/RecordModeDemo/Page_CURA Healthcare Service/button_Login")): Object: 'Object Repository/RecordModeDemo/Page_CURA Healthcare Service/button_Login' is clicked on

2023-03-15 12:48:48 - [MESSAGE][PASSED] - Object: 'Object Repository/RecordModeDemo/Page_CURA Healthcare Service/button_Login' is clicked on

2023-03-15 12:48:48 - [TEST_STEP][PASSED] - selectOptionByValue(findTestObject("Object Repository/RecordModeDemo/Page_CURA Healthcare Service/select_Tokyo CURA Healthcare Center        _5b4107"), "Hongkong CURA Healthcare Center", true): All options with value 'Hongkong CURA Healthcare Center' are selected in object 'Object Repository/RecordModeDemo/Page_CURA Healthcare Service/select_Tokyo CURA Healthcare Center        _5b4107'  using regular expression

2023-03-15 12:48:50 - [MESSAGE][PASSED] - All options with value 'Hongkong CURA Healthcare Center' are selected in object 'Object Repository/RecordModeDemo/Page_CURA Healthcare Service/select_Tokyo CURA Healthcare Center        _5b4107'  using regular expression

2023-03-15 12:48:50 - [TEST_STEP][PASSED] - click(findTestObject("Object Repository/RecordModeDemo/Page_CURA Healthcare Service/input_Apply for hospital readmission_hospit_63901f")): Object: 'Object Repository/RecordModeDemo/Page_CURA Healthcare Service/input_Apply for hospital readmission_hospit_63901f' is clicked on

2023-03-15 12:48:52 - [MESSAGE][PASSED] - Object: 'Object Repository/RecordModeDemo/Page_CURA Healthcare Service/input_Apply for hospital readmission_hospit_63901f' is clicked on

2023-03-15 12:48:52 - [TEST_STEP][PASSED] - click(findTestObject("Object Repository/RecordModeDemo/Page_CURA Healthcare Service/input_Medicaid_programs")): Object: 'Object Repository/RecordModeDemo/Page_CURA Healthcare Service/input_Medicaid_programs' is clicked on

2023-03-15 12:48:53 - [MESSAGE][PASSED] - Object: 'Object Repository/RecordModeDemo/Page_CURA Healthcare Service/input_Medicaid_programs' is clicked on

2023-03-15 12:48:53 - [TEST_STEP][PASSED] - click(findTestObject("Object Repository/RecordModeDemo/Page_CURA Healthcare Service/span_Visit Date (Required)_glyphicon glyphi_cada34")): Object: 'Object Repository/RecordModeDemo/Page_CURA Healthcare Service/span_Visit Date (Required)_glyphicon glyphi_cada34' is clicked on

2023-03-15 12:48:54 - [MESSAGE][PASSED] - Object: 'Object Repository/RecordModeDemo/Page_CURA Healthcare Service/span_Visit Date (Required)_glyphicon glyphi_cada34' is clicked on

2023-03-15 12:48:54 - [TEST_STEP][PASSED] - click(findTestObject("Object Repository/RecordModeDemo/Page_CURA Healthcare Service/td_22")): Object: 'Object Repository/RecordModeDemo/Page_CURA Healthcare Service/td_22' is clicked on

2023-03-15 12:48:56 - [MESSAGE][PASSED] - Object: 'Object Repository/RecordModeDemo/Page_CURA Healthcare Service/td_22' is clicked on

2023-03-15 12:48:56 - [TEST_STEP][PASSED] - setText(findTestObject("Object Repository/RecordModeDemo/Page_CURA Healthcare Service/textarea_Comment_comment"), "This is test"): Text 'This is test' is set on object 'Object Repository/RecordModeDemo/Page_CURA Healthcare Service/textarea_Comment_comment'

2023-03-15 12:48:57 - [MESSAGE][PASSED] - Text 'This is test' is set on object 'Object Repository/RecordModeDemo/Page_CURA Healthcare Service/textarea_Comment_comment'

2023-03-15 12:48:57 - [TEST_STEP][PASSED] - verifyElementClickable(findTestObject("Object Repository/RecordModeDemo/Page_CURA Healthcare Service/button_Book Appointment")): Object 'Object Repository/RecordModeDemo/Page_CURA Healthcare Service/button_Book Appointment' is clickable

2023-03-15 12:48:57 - [MESSAGE][PASSED] - Object 'Object Repository/RecordModeDemo/Page_CURA Healthcare Service/button_Book Appointment' is clickable

2023-03-15 12:48:57 - [TEST_STEP][PASSED] - click(findTestObject("Object Repository/RecordModeDemo/Page_CURA Healthcare Service/button_Book Appointment")): Object: 'Object Repository/RecordModeDemo/Page_CURA Healthcare Service/button_Book Appointment' is clicked on

2023-03-15 12:48:58 - [MESSAGE][PASSED] - Object: 'Object Repository/RecordModeDemo/Page_CURA Healthcare Service/button_Book Appointment' is clicked on

2023-03-15 12:48:58 - [TEST_STEP][PASSED] - verifyElementText(findTestObject("Object Repository/RecordModeDemo/Page_CURA Healthcare Service/h2_Appointment Confirmation"), "Appointment Confirmation"): Actual text and expected text of test object 'Object Repository/RecordModeDemo/Page_CURA Healthcare Service/h2_Appointment Confirmation' are matched.

2023-03-15 12:48:59 - [MESSAGE][PASSED] - Actual text and expected text of test object 'Object Repository/RecordModeDemo/Page_CURA Healthcare Service/h2_Appointment Confirmation' are matched.

2023-03-15 12:48:59 - [TEST_STEP][PASSED] - verifyElementVisible(findTestObject("Object Repository/RecordModeDemo/Page_CURA Healthcare Service/a_Go to Homepage")): Object 'Object Repository/RecordModeDemo/Page_CURA Healthcare Service/a_Go to Homepage' is visible

2023-03-15 12:49:00 - [MESSAGE][PASSED] - Object 'Object Repository/RecordModeDemo/Page_CURA Healthcare Service/a_Go to Homepage' is visible

2023-03-15 12:49:00 - [TEST_STEP][PASSED] - verifyElementClickable(findTestObject("Object Repository/RecordModeDemo/Page_CURA Healthcare Service/a_Go to Homepage")): Object 'Object Repository/RecordModeDemo/Page_CURA Healthcare Service/a_Go to Homepage' is clickable

2023-03-15 12:49:00 - [MESSAGE][PASSED] - Object 'Object Repository/RecordModeDemo/Page_CURA Healthcare Service/a_Go to Homepage' is clickable

2023-03-15 12:49:00 - [TEST_STEP][PASSED] - click(findTestObject("Object Repository/RecordModeDemo/Page_CURA Healthcare Service/a_Go to Homepage")): Object: 'Object Repository/RecordModeDemo/Page_CURA Healthcare Service/a_Go to Homepage' is clicked on

2023-03-15 12:49:02 - [MESSAGE][PASSED] - Object: 'Object Repository/RecordModeDemo/Page_CURA Healthcare Service/a_Go to Homepage' is clicked on

2023-03-15 12:49:02 - [TEST_STEP][PASSED] - waitForElementVisible(findTestObject("Object Repository/RecordModeDemo/Page_CURA Healthcare Service/h1_CURA Healthcare Service"), 0): Object 'Object Repository/RecordModeDemo/Page_CURA Healthcare Service/h1_CURA Healthcare Service' is visible

2023-03-15 12:49:02 - [MESSAGE][WARNING] - Timeout '0' is invalid. Using default page load timeout: '30'

2023-03-15 12:49:03 - [MESSAGE][PASSED] - Object 'Object Repository/RecordModeDemo/Page_CURA Healthcare Service/h1_CURA Healthcare Service' is visible

2023-03-15 12:49:03 - [TEST_STEP][PASSED] - verifyElementText(findTestObject("Object Repository/RecordModeDemo/Page_CURA Healthcare Service/h1_CURA Healthcare Service"), "CURA Healthcare Service"): Actual text and expected text of test object 'Object Repository/RecordModeDemo/Page_CURA Healthcare Service/h1_CURA Healthcare Service' are matched.

2023-03-15 12:49:03 - [MESSAGE][PASSED] - Actual text and expected text of test object 'Object Repository/RecordModeDemo/Page_CURA Healthcare Service/h1_CURA Healthcare Service' are matched.

2023-03-15 12:49:03 - [TEST_STEP][PASSED] - closeBrowser(): Browser is closed

2023-03-15 12:49:04 - [MESSAGE][PASSED] - Browser is closed]]></system-out>
         <system-err><![CDATA[]]></system-err>
      </testcase>
      <system-out><![CDATA[2023-03-15 12:48:14 - [TEST_SUITE][PASSED] - HerokuTestSuite: Test Cases/Demo/RecordModeDemo]]></system-out>
      <system-err><![CDATA[]]></system-err>
   </testsuite>
</testsuites>
