<?xml version="1.0" encoding="UTF-8"?>
<testsuites name="DDTDemo" time="31.332" tests="1" failures="0" errors="0">
   <testsuite name="DDTDemo" tests="1" failures="0" errors="0" time="31.332" skipped="0" timestamp="2023-03-21 12:09:47" hostname="Raxil.Patel - LP116.1rivet.local" id="Test Suites/DDTDemo">
      <properties>
         <property name="deviceName" value=""/>
         <property name="devicePlatform" value=""/>
         <property name="logFolder" value="C:\\Users\\Raxil.Patel\\workspace\\Katalon Studio\\Learning\\Web\\Webinar\\Web\\DemoForWebKS\\Reports\\20230321_120929\\DDTDemo\\20230321_120929"/>
         <property name="logFiles" value="C:\\Users\\Raxil.Patel\\workspace\\Katalon Studio\\Learning\\Web\\Webinar\\Web\\DemoForWebKS\\Reports\\20230321_120929\\DDTDemo\\20230321_120929\\execution0.log"/>
         <property name="attachments" value=""/>
         <property name="hostName" value="Raxil.Patel - LP116.1rivet.local"/>
         <property name="os" value="Windows 10 64bit"/>
         <property name="katalonVersion" value="8.5.5.208"/>
         <property name="browser" value="Chrome 111.0.0.0"/>
         <property name="hostAddress" value="172.16.1.132"/>
         <property name="sessionId" value="81fdd5ba67fa4a950710d14637535de6"/>
         <property name="seleniumVersion" value="3.141.59"/>
         <property name="proxyInformation" value="ProxyInformation { proxyOption=NO_PROXY, proxyServerType=HTTP, username=, password=********, proxyServerAddress=, proxyServerPort=0, executionList=&quot;&quot;, isApplyToDesiredCapabilities=true }"/>
         <property name="platform" value="Windows 10"/>
      </properties>
      <testcase name="Test Cases/Demo/DataDrivenTesting" time="29.797" classname="Test Cases/Demo/DataDrivenTesting" status="PASSED">
         <system-out><![CDATA[2023-03-21 12:09:49 - [TEST_CASE][PASSED] - Test Cases/Demo/DataDrivenTesting: Test Cases/Demo/DataDrivenTesting

2023-03-21 12:09:51 - [TEST_STEP][PASSED] - openBrowser("", STOP_ON_FAILURE): Browser is opened with url: ''

2023-03-21 12:09:52 - [MESSAGE][INFO] - Starting 'Chrome' driver

2023-03-21 12:09:53 - [MESSAGE][INFO] - Action delay is set to 0 milliseconds

2023-03-21 12:10:01 - [MESSAGE][PASSED] - Browser is opened with url: ''

2023-03-21 12:10:01 - [TEST_STEP][PASSED] - maximizeWindow(): Current window maximized

2023-03-21 12:10:02 - [MESSAGE][PASSED] - Current window maximized

2023-03-21 12:10:02 - [TEST_STEP][PASSED] - navigateToUrl("https://opensource-demo.orangehrmlive.com/web/index.php/auth/login"): Navigate to 'https://opensource-demo.orangehrmlive.com/web/index.php/auth/login' successfully

2023-03-21 12:10:08 - [MESSAGE][PASSED] - Navigate to 'https://opensource-demo.orangehrmlive.com/web/index.php/auth/login' successfully

2023-03-21 12:10:08 - [TEST_STEP][PASSED] - setText(findTestObject("Object Repository/ManualModeDemo/Page_OrangeHRM/input_Username_username"), username): Text 'Admin' is set on object 'Object Repository/ManualModeDemo/Page_OrangeHRM/input_Username_username'

2023-03-21 12:10:10 - [MESSAGE][PASSED] - Text 'Admin' is set on object 'Object Repository/ManualModeDemo/Page_OrangeHRM/input_Username_username'

2023-03-21 12:10:10 - [TEST_STEP][PASSED] - setEncryptedText(findTestObject("Object Repository/ManualModeDemo/Page_OrangeHRM/input_Password_password"), password): Text ****** has been set on object 'Object Repository/ManualModeDemo/Page_OrangeHRM/input_Password_password'

2023-03-21 12:10:11 - [MESSAGE][PASSED] - Text ****** has been set on object 'Object Repository/ManualModeDemo/Page_OrangeHRM/input_Password_password'

2023-03-21 12:10:11 - [TEST_STEP][PASSED] - click(findTestObject("Object Repository/ManualModeDemo/Page_OrangeHRM/button_Login")): Object: 'Object Repository/ManualModeDemo/Page_OrangeHRM/button_Login' is clicked on

2023-03-21 12:10:12 - [MESSAGE][PASSED] - Object: 'Object Repository/ManualModeDemo/Page_OrangeHRM/button_Login' is clicked on

2023-03-21 12:10:13 - [TEST_STEP][PASSED] - verifyTextPresent("Dashboard", false): Text 'Dashboard' is present on page 

2023-03-21 12:10:15 - [MESSAGE][PASSED] - Text 'Dashboard' is present on page 

2023-03-21 12:10:15 - [TEST_STEP][PASSED] - closeBrowser(): Browser is closed

2023-03-21 12:10:16 - [MESSAGE][PASSED] - Browser is closed

2023-03-21 12:10:18 - [TEST_STEP][PASSED] - Video: Video recording for test case 'Test Cases/Demo/DataDrivenTesting' .

2023-03-21 12:10:18 - [MESSAGE][INFO] - Video recording for test case 'Test Cases/Demo/DataDrivenTesting' .]]></system-out>
         <system-err><![CDATA[]]></system-err>
      </testcase>
      <system-out><![CDATA[2023-03-21 12:09:47 - [TEST_SUITE][PASSED] - DDTDemo: Test Cases/Demo/DataDrivenTesting]]></system-out>
      <system-err><![CDATA[]]></system-err>
   </testsuite>
</testsuites>
