<?xml version="1.0" encoding="UTF-8"?>
<testsuites name="LoginTestSuite" time="82.51" tests="2" failures="0" errors="0">
   <testsuite name="LoginTestSuite" tests="2" failures="0" errors="0" time="82.51" skipped="0" timestamp="2023-03-15 12:41:05" hostname="Raxil.Patel - LP116.1rivet.local" id="Test Suites/OrangeHRMSuite/LoginTestSuite">
      <properties>
         <property name="deviceName" value=""/>
         <property name="devicePlatform" value=""/>
         <property name="logFolder" value="C:\\Users\\Raxil.Patel\\workspace\\Katalon Studio\\Learning\\Web\\Webinar\\Web\\DemoForWebKS\\Reports\\20230315_124046\\OrangeHRMSuite\\LoginTestSuite\\20230315_124046"/>
         <property name="logFiles" value="C:\\Users\\Raxil.Patel\\workspace\\Katalon Studio\\Learning\\Web\\Webinar\\Web\\DemoForWebKS\\Reports\\20230315_124046\\OrangeHRMSuite\\LoginTestSuite\\20230315_124046\\execution0.log"/>
         <property name="attachments" value=""/>
         <property name="hostName" value="Raxil.Patel - LP116.1rivet.local"/>
         <property name="os" value="Windows 10 64bit"/>
         <property name="katalonVersion" value="8.5.5.208"/>
         <property name="browser" value="Chrome 111.0.0.0"/>
         <property name="hostAddress" value="172.16.1.132"/>
         <property name="sessionId" value="c97d64c42bed8ae2a2c550d9677fc30c"/>
         <property name="seleniumVersion" value="3.141.59"/>
         <property name="proxyInformation" value="ProxyInformation { proxyOption=NO_PROXY, proxyServerType=HTTP, username=, password=********, proxyServerAddress=, proxyServerPort=0, executionList=&quot;&quot;, isApplyToDesiredCapabilities=true }"/>
         <property name="platform" value="Windows 10"/>
      </properties>
      <testcase name="Test Cases/Demo/ScriptModeDemo" time="38.976" classname="Test Cases/Demo/ScriptModeDemo" status="PASSED">
         <system-out><![CDATA[2023-03-15 12:41:05 - [TEST_CASE][PASSED] - Test Cases/Demo/ScriptModeDemo: Test Cases/Demo/ScriptModeDemo

2023-03-15 12:41:07 - [TEST_STEP][PASSED] - openBrowser(""): Browser is opened with url: ''

2023-03-15 12:41:08 - [MESSAGE][INFO] - Starting 'Chrome' driver

2023-03-15 12:41:08 - [MESSAGE][INFO] - Action delay is set to 0 milliseconds

2023-03-15 12:41:13 - [MESSAGE][PASSED] - Browser is opened with url: ''

2023-03-15 12:41:13 - [TEST_STEP][PASSED] - maximizeWindow(): Current window maximized

2023-03-15 12:41:14 - [MESSAGE][PASSED] - Current window maximized

2023-03-15 12:41:14 - [TEST_STEP][PASSED] - navigateToUrl("https://opensource-demo.orangehrmlive.com/web/index.php/auth/login"): Navigate to 'https://opensource-demo.orangehrmlive.com/web/index.php/auth/login' successfully

2023-03-15 12:41:34 - [MESSAGE][PASSED] - Navigate to 'https://opensource-demo.orangehrmlive.com/web/index.php/auth/login' successfully

2023-03-15 12:41:34 - [TEST_STEP][PASSED] - setText(findTestObject("Object Repository/ManualModeDemo/Page_OrangeHRM/input_Username_username"), "Admin"): Text 'Admin' is set on object 'Object Repository/ManualModeDemo/Page_OrangeHRM/input_Username_username'

2023-03-15 12:41:38 - [MESSAGE][PASSED] - Text 'Admin' is set on object 'Object Repository/ManualModeDemo/Page_OrangeHRM/input_Username_username'

2023-03-15 12:41:38 - [TEST_STEP][PASSED] - setEncryptedText(findTestObject("Object Repository/ManualModeDemo/Page_OrangeHRM/input_Password_password"), "hUKwJTbofgPU9eVlw/CnDQ=="): Text ****** has been set on object 'Object Repository/ManualModeDemo/Page_OrangeHRM/input_Password_password'

2023-03-15 12:41:39 - [MESSAGE][PASSED] - Text ****** has been set on object 'Object Repository/ManualModeDemo/Page_OrangeHRM/input_Password_password'

2023-03-15 12:41:39 - [TEST_STEP][PASSED] - click(findTestObject("Object Repository/ManualModeDemo/Page_OrangeHRM/button_Login")): Object: 'Object Repository/ManualModeDemo/Page_OrangeHRM/button_Login' is clicked on

2023-03-15 12:41:41 - [MESSAGE][PASSED] - Object: 'Object Repository/ManualModeDemo/Page_OrangeHRM/button_Login' is clicked on

2023-03-15 12:41:41 - [TEST_STEP][PASSED] - verifyTextPresent("Dashboard", false): Text 'Dashboard' is present on page 

2023-03-15 12:41:43 - [MESSAGE][PASSED] - Text 'Dashboard' is present on page 

2023-03-15 12:41:43 - [TEST_STEP][PASSED] - closeBrowser(): Browser is closed

2023-03-15 12:41:44 - [MESSAGE][PASSED] - Browser is closed]]></system-out>
         <system-err><![CDATA[]]></system-err>
      </testcase>
      <testcase name="Test Cases/Demo/ManualModeDemo" time="42.559" classname="Test Cases/Demo/ManualModeDemo" status="PASSED">
         <system-out><![CDATA[2023-03-15 12:41:44 - [TEST_CASE][PASSED] - Test Cases/Demo/ManualModeDemo: Test Cases/Demo/ManualModeDemo

2023-03-15 12:41:46 - [TEST_STEP][PASSED] - openBrowser(""): Browser is opened with url: ''

2023-03-15 12:41:46 - [MESSAGE][INFO] - Starting 'Chrome' driver

2023-03-15 12:41:46 - [MESSAGE][INFO] - Action delay is set to 0 milliseconds

2023-03-15 12:41:49 - [MESSAGE][PASSED] - Browser is opened with url: ''

2023-03-15 12:41:49 - [TEST_STEP][PASSED] - navigateToUrl("https://opensource-demo.orangehrmlive.com/web/index.php/auth/login"): Navigate to 'https://opensource-demo.orangehrmlive.com/web/index.php/auth/login' successfully

2023-03-15 12:42:18 - [MESSAGE][PASSED] - Navigate to 'https://opensource-demo.orangehrmlive.com/web/index.php/auth/login' successfully

2023-03-15 12:42:18 - [TEST_STEP][PASSED] - maximizeWindow(): Current window maximized

2023-03-15 12:42:18 - [MESSAGE][PASSED] - Current window maximized

2023-03-15 12:42:18 - [TEST_STEP][PASSED] - setText(findTestObject("ManualModeDemo/Page_OrangeHRM/input_Username_username"), "Admin"): Text 'Admin' is set on object 'Object Repository/ManualModeDemo/Page_OrangeHRM/input_Username_username'

2023-03-15 12:42:22 - [MESSAGE][PASSED] - Text 'Admin' is set on object 'Object Repository/ManualModeDemo/Page_OrangeHRM/input_Username_username'

2023-03-15 12:42:22 - [TEST_STEP][PASSED] - setEncryptedText(findTestObject("ManualModeDemo/Page_OrangeHRM/input_Password_password"), "hUKwJTbofgPU9eVlw/CnDQ=="): Text ****** has been set on object 'Object Repository/ManualModeDemo/Page_OrangeHRM/input_Password_password'

2023-03-15 12:42:23 - [MESSAGE][PASSED] - Text ****** has been set on object 'Object Repository/ManualModeDemo/Page_OrangeHRM/input_Password_password'

2023-03-15 12:42:23 - [TEST_STEP][PASSED] - click(findTestObject("ManualModeDemo/Page_OrangeHRM/button_Login")): Object: 'Object Repository/ManualModeDemo/Page_OrangeHRM/button_Login' is clicked on

2023-03-15 12:42:25 - [MESSAGE][PASSED] - Object: 'Object Repository/ManualModeDemo/Page_OrangeHRM/button_Login' is clicked on

2023-03-15 12:42:25 - [TEST_STEP][PASSED] - verifyTextPresent("Dashboard", false): Text 'Dashboard' is present on page 

2023-03-15 12:42:26 - [MESSAGE][PASSED] - Text 'Dashboard' is present on page 

2023-03-15 12:42:26 - [TEST_STEP][PASSED] - closeBrowser(): Browser is closed

2023-03-15 12:42:27 - [MESSAGE][PASSED] - Browser is closed]]></system-out>
         <system-err><![CDATA[]]></system-err>
      </testcase>
      <system-out><![CDATA[2023-03-15 12:41:05 - [TEST_SUITE][PASSED] - LoginTestSuite: Test Cases/Demo/ManualModeDemo]]></system-out>
      <system-err><![CDATA[]]></system-err>
   </testsuite>
</testsuites>
