<?xml version="1.0" encoding="UTF-8"?>
<testsuites name="LoginTestSuite" time="53.535" tests="1" failures="0" errors="0">
   <testsuite name="LoginTestSuite" tests="1" failures="0" errors="0" time="53.535" skipped="0" timestamp="2023-03-15 12:57:57" hostname="Raxil.Patel - LP116.1rivet.local" id="Test Suites/OrangeHRMSuite/LoginTestSuite">
      <properties>
         <property name="deviceName" value=""/>
         <property name="devicePlatform" value=""/>
         <property name="logFolder" value="C:\\Users\\Raxil.Patel\\workspace\\Katalon Studio\\Learning\\Web\\Webinar\\Web\\DemoForWebKS\\Reports\\20230315_125721\\OrangeHRMSuite\\LoginTestSuite\\20230315_125726"/>
         <property name="logFiles" value="C:\\Users\\Raxil.Patel\\workspace\\Katalon Studio\\Learning\\Web\\Webinar\\Web\\DemoForWebKS\\Reports\\20230315_125721\\OrangeHRMSuite\\LoginTestSuite\\20230315_125726\\execution0.log"/>
         <property name="attachments" value=""/>
         <property name="hostName" value="Raxil.Patel - LP116.1rivet.local"/>
         <property name="os" value="Windows 10 64bit"/>
         <property name="katalonVersion" value="8.5.5.208"/>
         <property name="browser" value="Firefox 111.0"/>
         <property name="hostAddress" value="172.16.1.132"/>
         <property name="sessionId" value="f29d5d1d-5bce-4184-bd80-3d4515bf0f60"/>
         <property name="seleniumVersion" value="3.141.59"/>
         <property name="proxyInformation" value="ProxyInformation { proxyOption=NO_PROXY, proxyServerType=HTTP, username=, password=********, proxyServerAddress=, proxyServerPort=0, executionList=&quot;&quot;, isApplyToDesiredCapabilities=true }"/>
         <property name="platform" value="Windows 10"/>
      </properties>
      <testcase name="Test Cases/Demo/ManualModeDemo" time="51.168" classname="Test Cases/Demo/ManualModeDemo" status="PASSED">
         <system-out><![CDATA[2023-03-15 12:57:59 - [TEST_CASE][PASSED] - Test Cases/Demo/ManualModeDemo: Test Cases/Demo/ManualModeDemo

2023-03-15 12:58:03 - [TEST_STEP][PASSED] - openBrowser(""): Browser is opened with url: ''

2023-03-15 12:58:06 - [MESSAGE][INFO] - Starting 'Firefox' driver

2023-03-15 12:58:07 - [MESSAGE][INFO] - Action delay is set to 0 milliseconds

2023-03-15 12:58:25 - [MESSAGE][PASSED] - Browser is opened with url: ''

2023-03-15 12:58:25 - [TEST_STEP][PASSED] - navigateToUrl("https://opensource-demo.orangehrmlive.com/web/index.php/auth/login"): Navigate to 'https://opensource-demo.orangehrmlive.com/web/index.php/auth/login' successfully

2023-03-15 12:58:36 - [MESSAGE][PASSED] - Navigate to 'https://opensource-demo.orangehrmlive.com/web/index.php/auth/login' successfully

2023-03-15 12:58:36 - [TEST_STEP][PASSED] - maximizeWindow(): Current window maximized

2023-03-15 12:58:36 - [MESSAGE][PASSED] - Current window maximized

2023-03-15 12:58:36 - [TEST_STEP][PASSED] - setText(findTestObject("ManualModeDemo/Page_OrangeHRM/input_Username_username"), "Admin"): Text 'Admin' is set on object 'Object Repository/ManualModeDemo/Page_OrangeHRM/input_Username_username'

2023-03-15 12:58:38 - [MESSAGE][PASSED] - Text 'Admin' is set on object 'Object Repository/ManualModeDemo/Page_OrangeHRM/input_Username_username'

2023-03-15 12:58:38 - [TEST_STEP][PASSED] - setEncryptedText(findTestObject("ManualModeDemo/Page_OrangeHRM/input_Password_password"), "hUKwJTbofgPU9eVlw/CnDQ=="): Text ****** has been set on object 'Object Repository/ManualModeDemo/Page_OrangeHRM/input_Password_password'

2023-03-15 12:58:39 - [MESSAGE][PASSED] - Text ****** has been set on object 'Object Repository/ManualModeDemo/Page_OrangeHRM/input_Password_password'

2023-03-15 12:58:39 - [TEST_STEP][PASSED] - click(findTestObject("ManualModeDemo/Page_OrangeHRM/button_Login")): Object: 'Object Repository/ManualModeDemo/Page_OrangeHRM/button_Login' is clicked on

2023-03-15 12:58:42 - [MESSAGE][PASSED] - Object: 'Object Repository/ManualModeDemo/Page_OrangeHRM/button_Login' is clicked on

2023-03-15 12:58:42 - [TEST_STEP][PASSED] - verifyTextPresent("Dashboard", false): Text 'Dashboard' is present on page 

2023-03-15 12:58:48 - [MESSAGE][PASSED] - Text 'Dashboard' is present on page 

2023-03-15 12:58:48 - [TEST_STEP][PASSED] - closeBrowser(): Browser is closed

2023-03-15 12:58:51 - [MESSAGE][PASSED] - Browser is closed]]></system-out>
         <system-err><![CDATA[]]></system-err>
      </testcase>
      <system-out><![CDATA[2023-03-15 12:57:57 - [TEST_SUITE][PASSED] - LoginTestSuite: Test Cases/Demo/ManualModeDemo]]></system-out>
      <system-err><![CDATA[]]></system-err>
   </testsuite>
</testsuites>
