<?xml version="1.0" encoding="UTF-8"?>
<testsuites name="MyDemoSuiteCollection" time="84.761" tests="2" failures="0" errors="0">
   <testsuite name="HerokuTestSuite" tests="1" failures="0" errors="0" time="61.231" skipped="0" timestamp="2023-03-15 12:57:42" hostname="Raxil.Patel - LP116.1rivet.local" id="Test Suites/HerokuAppDemo/HerokuTestSuite">
      <properties>
         <property name="deviceName" value=""/>
         <property name="devicePlatform" value=""/>
         <property name="logFolder" value="C:\\Users\\Raxil.Patel\\workspace\\Katalon Studio\\Learning\\Web\\Webinar\\Web\\DemoForWebKS\\Reports\\20230315_125721\\HerokuAppDemo\\HerokuTestSuite\\20230315_125723"/>
         <property name="logFiles" value="C:\\Users\\Raxil.Patel\\workspace\\Katalon Studio\\Learning\\Web\\Webinar\\Web\\DemoForWebKS\\Reports\\20230315_125721\\HerokuAppDemo\\HerokuTestSuite\\20230315_125723\\execution0.log"/>
         <property name="attachments" value=""/>
         <property name="hostName" value="Raxil.Patel - LP116.1rivet.local"/>
         <property name="os" value="Windows 10 64bit"/>
         <property name="katalonVersion" value="8.5.5.208"/>
         <property name="browser" value="Chrome 111.0.0.0"/>
         <property name="hostAddress" value="172.16.1.132"/>
         <property name="sessionId" value="924b9e546bdcba3f96b6b9f7bc48624c"/>
         <property name="seleniumVersion" value="3.141.59"/>
         <property name="proxyInformation" value="ProxyInformation { proxyOption=NO_PROXY, proxyServerType=HTTP, username=, password=********, proxyServerAddress=, proxyServerPort=0, executionList=&quot;&quot;, isApplyToDesiredCapabilities=true }"/>
         <property name="platform" value="Windows 10"/>
      </properties>
      <testcase name="Test Cases/Demo/RecordModeDemo" time="59.956" classname="Test Cases/Demo/RecordModeDemo" status="PASSED">
         <system-out><![CDATA[2023-03-15 12:57:43 - [TEST_CASE][PASSED] - Test Cases/Demo/RecordModeDemo: Test Cases/Demo/RecordModeDemo

2023-03-15 12:57:46 - [TEST_STEP][PASSED] - openBrowser(""): Browser is opened with url: ''

2023-03-15 12:57:49 - [MESSAGE][INFO] - Starting 'Chrome' driver

2023-03-15 12:57:49 - [MESSAGE][INFO] - Action delay is set to 0 milliseconds

2023-03-15 12:57:59 - [MESSAGE][PASSED] - Browser is opened with url: ''

2023-03-15 12:57:59 - [TEST_STEP][PASSED] - navigateToUrl("https://katalon-demo-cura.herokuapp.com/"): Navigate to 'https://katalon-demo-cura.herokuapp.com/' successfully

2023-03-15 12:58:04 - [MESSAGE][PASSED] - Navigate to 'https://katalon-demo-cura.herokuapp.com/' successfully

2023-03-15 12:58:04 - [TEST_STEP][PASSED] - waitForElementVisible(findTestObject("Object Repository/RecordModeDemo/Page_CURA Healthcare Service/a_Make Appointment"), 0): Object 'Object Repository/RecordModeDemo/Page_CURA Healthcare Service/a_Make Appointment' is visible

2023-03-15 12:58:06 - [MESSAGE][WARNING] - Timeout '0' is invalid. Using default page load timeout: '30'

2023-03-15 12:58:07 - [MESSAGE][PASSED] - Object 'Object Repository/RecordModeDemo/Page_CURA Healthcare Service/a_Make Appointment' is visible

2023-03-15 12:58:07 - [TEST_STEP][PASSED] - click(findTestObject("Object Repository/RecordModeDemo/Page_CURA Healthcare Service/a_Make Appointment")): Object: 'Object Repository/RecordModeDemo/Page_CURA Healthcare Service/a_Make Appointment' is clicked on

2023-03-15 12:58:09 - [MESSAGE][PASSED] - Object: 'Object Repository/RecordModeDemo/Page_CURA Healthcare Service/a_Make Appointment' is clicked on

2023-03-15 12:58:09 - [TEST_STEP][PASSED] - setText(findTestObject("Object Repository/RecordModeDemo/Page_CURA Healthcare Service/input_Username_username"), "John Doe"): Text 'John Doe' is set on object 'Object Repository/RecordModeDemo/Page_CURA Healthcare Service/input_Username_username'

2023-03-15 12:58:11 - [MESSAGE][PASSED] - Text 'John Doe' is set on object 'Object Repository/RecordModeDemo/Page_CURA Healthcare Service/input_Username_username'

2023-03-15 12:58:11 - [TEST_STEP][PASSED] - setEncryptedText(findTestObject("Object Repository/RecordModeDemo/Page_CURA Healthcare Service/input_Password_password"), "g3/DOGG74jC3Flrr3yH+3D/yKbOqqUNM"): Text ****** has been set on object 'Object Repository/RecordModeDemo/Page_CURA Healthcare Service/input_Password_password'

2023-03-15 12:58:13 - [MESSAGE][PASSED] - Text ****** has been set on object 'Object Repository/RecordModeDemo/Page_CURA Healthcare Service/input_Password_password'

2023-03-15 12:58:13 - [TEST_STEP][PASSED] - verifyElementClickable(findTestObject("Object Repository/RecordModeDemo/Page_CURA Healthcare Service/button_Login")): Object 'Object Repository/RecordModeDemo/Page_CURA Healthcare Service/button_Login' is clickable

2023-03-15 12:58:14 - [MESSAGE][PASSED] - Object 'Object Repository/RecordModeDemo/Page_CURA Healthcare Service/button_Login' is clickable

2023-03-15 12:58:14 - [TEST_STEP][PASSED] - click(findTestObject("Object Repository/RecordModeDemo/Page_CURA Healthcare Service/button_Login")): Object: 'Object Repository/RecordModeDemo/Page_CURA Healthcare Service/button_Login' is clicked on

2023-03-15 12:58:16 - [MESSAGE][PASSED] - Object: 'Object Repository/RecordModeDemo/Page_CURA Healthcare Service/button_Login' is clicked on

2023-03-15 12:58:16 - [TEST_STEP][PASSED] - selectOptionByValue(findTestObject("Object Repository/RecordModeDemo/Page_CURA Healthcare Service/select_Tokyo CURA Healthcare Center        _5b4107"), "Hongkong CURA Healthcare Center", true): All options with value 'Hongkong CURA Healthcare Center' are selected in object 'Object Repository/RecordModeDemo/Page_CURA Healthcare Service/select_Tokyo CURA Healthcare Center        _5b4107'  using regular expression

2023-03-15 12:58:19 - [MESSAGE][PASSED] - All options with value 'Hongkong CURA Healthcare Center' are selected in object 'Object Repository/RecordModeDemo/Page_CURA Healthcare Service/select_Tokyo CURA Healthcare Center        _5b4107'  using regular expression

2023-03-15 12:58:19 - [TEST_STEP][PASSED] - click(findTestObject("Object Repository/RecordModeDemo/Page_CURA Healthcare Service/input_Apply for hospital readmission_hospit_63901f")): Object: 'Object Repository/RecordModeDemo/Page_CURA Healthcare Service/input_Apply for hospital readmission_hospit_63901f' is clicked on

2023-03-15 12:58:20 - [MESSAGE][PASSED] - Object: 'Object Repository/RecordModeDemo/Page_CURA Healthcare Service/input_Apply for hospital readmission_hospit_63901f' is clicked on

2023-03-15 12:58:20 - [TEST_STEP][PASSED] - click(findTestObject("Object Repository/RecordModeDemo/Page_CURA Healthcare Service/input_Medicaid_programs")): Object: 'Object Repository/RecordModeDemo/Page_CURA Healthcare Service/input_Medicaid_programs' is clicked on

2023-03-15 12:58:21 - [MESSAGE][PASSED] - Object: 'Object Repository/RecordModeDemo/Page_CURA Healthcare Service/input_Medicaid_programs' is clicked on

2023-03-15 12:58:21 - [TEST_STEP][PASSED] - click(findTestObject("Object Repository/RecordModeDemo/Page_CURA Healthcare Service/span_Visit Date (Required)_glyphicon glyphi_cada34")): Object: 'Object Repository/RecordModeDemo/Page_CURA Healthcare Service/span_Visit Date (Required)_glyphicon glyphi_cada34' is clicked on

2023-03-15 12:58:23 - [MESSAGE][PASSED] - Object: 'Object Repository/RecordModeDemo/Page_CURA Healthcare Service/span_Visit Date (Required)_glyphicon glyphi_cada34' is clicked on

2023-03-15 12:58:23 - [TEST_STEP][PASSED] - click(findTestObject("Object Repository/RecordModeDemo/Page_CURA Healthcare Service/td_22")): Object: 'Object Repository/RecordModeDemo/Page_CURA Healthcare Service/td_22' is clicked on

2023-03-15 12:58:26 - [MESSAGE][PASSED] - Object: 'Object Repository/RecordModeDemo/Page_CURA Healthcare Service/td_22' is clicked on

2023-03-15 12:58:26 - [TEST_STEP][PASSED] - setText(findTestObject("Object Repository/RecordModeDemo/Page_CURA Healthcare Service/textarea_Comment_comment"), "This is test"): Text 'This is test' is set on object 'Object Repository/RecordModeDemo/Page_CURA Healthcare Service/textarea_Comment_comment'

2023-03-15 12:58:30 - [MESSAGE][PASSED] - Text 'This is test' is set on object 'Object Repository/RecordModeDemo/Page_CURA Healthcare Service/textarea_Comment_comment'

2023-03-15 12:58:30 - [TEST_STEP][PASSED] - verifyElementClickable(findTestObject("Object Repository/RecordModeDemo/Page_CURA Healthcare Service/button_Book Appointment")): Object 'Object Repository/RecordModeDemo/Page_CURA Healthcare Service/button_Book Appointment' is clickable

2023-03-15 12:58:31 - [MESSAGE][PASSED] - Object 'Object Repository/RecordModeDemo/Page_CURA Healthcare Service/button_Book Appointment' is clickable

2023-03-15 12:58:31 - [TEST_STEP][PASSED] - click(findTestObject("Object Repository/RecordModeDemo/Page_CURA Healthcare Service/button_Book Appointment")): Object: 'Object Repository/RecordModeDemo/Page_CURA Healthcare Service/button_Book Appointment' is clicked on

2023-03-15 12:58:33 - [MESSAGE][PASSED] - Object: 'Object Repository/RecordModeDemo/Page_CURA Healthcare Service/button_Book Appointment' is clicked on

2023-03-15 12:58:33 - [TEST_STEP][PASSED] - verifyElementText(findTestObject("Object Repository/RecordModeDemo/Page_CURA Healthcare Service/h2_Appointment Confirmation"), "Appointment Confirmation"): Actual text and expected text of test object 'Object Repository/RecordModeDemo/Page_CURA Healthcare Service/h2_Appointment Confirmation' are matched.

2023-03-15 12:58:34 - [MESSAGE][PASSED] - Actual text and expected text of test object 'Object Repository/RecordModeDemo/Page_CURA Healthcare Service/h2_Appointment Confirmation' are matched.

2023-03-15 12:58:34 - [TEST_STEP][PASSED] - verifyElementVisible(findTestObject("Object Repository/RecordModeDemo/Page_CURA Healthcare Service/a_Go to Homepage")): Object 'Object Repository/RecordModeDemo/Page_CURA Healthcare Service/a_Go to Homepage' is visible

2023-03-15 12:58:36 - [MESSAGE][PASSED] - Object 'Object Repository/RecordModeDemo/Page_CURA Healthcare Service/a_Go to Homepage' is visible

2023-03-15 12:58:36 - [TEST_STEP][PASSED] - verifyElementClickable(findTestObject("Object Repository/RecordModeDemo/Page_CURA Healthcare Service/a_Go to Homepage")): Object 'Object Repository/RecordModeDemo/Page_CURA Healthcare Service/a_Go to Homepage' is clickable

2023-03-15 12:58:37 - [MESSAGE][PASSED] - Object 'Object Repository/RecordModeDemo/Page_CURA Healthcare Service/a_Go to Homepage' is clickable

2023-03-15 12:58:37 - [TEST_STEP][PASSED] - click(findTestObject("Object Repository/RecordModeDemo/Page_CURA Healthcare Service/a_Go to Homepage")): Object: 'Object Repository/RecordModeDemo/Page_CURA Healthcare Service/a_Go to Homepage' is clicked on

2023-03-15 12:58:40 - [MESSAGE][PASSED] - Object: 'Object Repository/RecordModeDemo/Page_CURA Healthcare Service/a_Go to Homepage' is clicked on

2023-03-15 12:58:40 - [TEST_STEP][PASSED] - waitForElementVisible(findTestObject("Object Repository/RecordModeDemo/Page_CURA Healthcare Service/h1_CURA Healthcare Service"), 0): Object 'Object Repository/RecordModeDemo/Page_CURA Healthcare Service/h1_CURA Healthcare Service' is visible

2023-03-15 12:58:40 - [MESSAGE][WARNING] - Timeout '0' is invalid. Using default page load timeout: '30'

2023-03-15 12:58:40 - [MESSAGE][PASSED] - Object 'Object Repository/RecordModeDemo/Page_CURA Healthcare Service/h1_CURA Healthcare Service' is visible

2023-03-15 12:58:40 - [TEST_STEP][PASSED] - verifyElementText(findTestObject("Object Repository/RecordModeDemo/Page_CURA Healthcare Service/h1_CURA Healthcare Service"), "CURA Healthcare Service"): Actual text and expected text of test object 'Object Repository/RecordModeDemo/Page_CURA Healthcare Service/h1_CURA Healthcare Service' are matched.

2023-03-15 12:58:41 - [MESSAGE][PASSED] - Actual text and expected text of test object 'Object Repository/RecordModeDemo/Page_CURA Healthcare Service/h1_CURA Healthcare Service' are matched.

2023-03-15 12:58:41 - [TEST_STEP][PASSED] - closeBrowser(): Browser is closed

2023-03-15 12:58:43 - [MESSAGE][PASSED] - Browser is closed]]></system-out>
         <system-err><![CDATA[]]></system-err>
      </testcase>
      <system-out><![CDATA[2023-03-15 12:57:42 - [TEST_SUITE][PASSED] - HerokuTestSuite: Test Cases/Demo/RecordModeDemo]]></system-out>
      <system-err><![CDATA[]]></system-err>
   </testsuite>
   <testsuite name="LoginTestSuite" tests="1" failures="0" errors="0" time="53.535" skipped="0" timestamp="2023-03-15 12:57:57" hostname="Raxil.Patel - LP116.1rivet.local" id="Test Suites/OrangeHRMSuite/LoginTestSuite">
      <properties>
         <property name="deviceName" value=""/>
         <property name="devicePlatform" value=""/>
         <property name="logFolder" value="C:\\Users\\Raxil.Patel\\workspace\\Katalon Studio\\Learning\\Web\\Webinar\\Web\\DemoForWebKS\\Reports\\20230315_125721\\OrangeHRMSuite\\LoginTestSuite\\20230315_125726"/>
         <property name="logFiles" value="C:\\Users\\Raxil.Patel\\workspace\\Katalon Studio\\Learning\\Web\\Webinar\\Web\\DemoForWebKS\\Reports\\20230315_125721\\OrangeHRMSuite\\LoginTestSuite\\20230315_125726\\execution0.log"/>
         <property name="attachments" value=""/>
         <property name="hostName" value="Raxil.Patel - LP116.1rivet.local"/>
         <property name="os" value="Windows 10 64bit"/>
         <property name="katalonVersion" value="8.5.5.208"/>
         <property name="browser" value="Firefox 111.0"/>
         <property name="hostAddress" value="172.16.1.132"/>
         <property name="sessionId" value="f29d5d1d-5bce-4184-bd80-3d4515bf0f60"/>
         <property name="seleniumVersion" value="3.141.59"/>
         <property name="proxyInformation" value="ProxyInformation { proxyOption=NO_PROXY, proxyServerType=HTTP, username=, password=********, proxyServerAddress=, proxyServerPort=0, executionList=&quot;&quot;, isApplyToDesiredCapabilities=true }"/>
         <property name="platform" value="Windows 10"/>
      </properties>
      <testcase name="Test Cases/Demo/ManualModeDemo" time="51.168" classname="Test Cases/Demo/ManualModeDemo" status="PASSED">
         <system-out><![CDATA[2023-03-15 12:57:59 - [TEST_CASE][PASSED] - Test Cases/Demo/ManualModeDemo: Test Cases/Demo/ManualModeDemo

2023-03-15 12:58:03 - [TEST_STEP][PASSED] - openBrowser(""): Browser is opened with url: ''

2023-03-15 12:58:06 - [MESSAGE][INFO] - Starting 'Firefox' driver

2023-03-15 12:58:07 - [MESSAGE][INFO] - Action delay is set to 0 milliseconds

2023-03-15 12:58:25 - [MESSAGE][PASSED] - Browser is opened with url: ''

2023-03-15 12:58:25 - [TEST_STEP][PASSED] - navigateToUrl("https://opensource-demo.orangehrmlive.com/web/index.php/auth/login"): Navigate to 'https://opensource-demo.orangehrmlive.com/web/index.php/auth/login' successfully

2023-03-15 12:58:36 - [MESSAGE][PASSED] - Navigate to 'https://opensource-demo.orangehrmlive.com/web/index.php/auth/login' successfully

2023-03-15 12:58:36 - [TEST_STEP][PASSED] - maximizeWindow(): Current window maximized

2023-03-15 12:58:36 - [MESSAGE][PASSED] - Current window maximized

2023-03-15 12:58:36 - [TEST_STEP][PASSED] - setText(findTestObject("ManualModeDemo/Page_OrangeHRM/input_Username_username"), "Admin"): Text 'Admin' is set on object 'Object Repository/ManualModeDemo/Page_OrangeHRM/input_Username_username'

2023-03-15 12:58:38 - [MESSAGE][PASSED] - Text 'Admin' is set on object 'Object Repository/ManualModeDemo/Page_OrangeHRM/input_Username_username'

2023-03-15 12:58:38 - [TEST_STEP][PASSED] - setEncryptedText(findTestObject("ManualModeDemo/Page_OrangeHRM/input_Password_password"), "hUKwJTbofgPU9eVlw/CnDQ=="): Text ****** has been set on object 'Object Repository/ManualModeDemo/Page_OrangeHRM/input_Password_password'

2023-03-15 12:58:39 - [MESSAGE][PASSED] - Text ****** has been set on object 'Object Repository/ManualModeDemo/Page_OrangeHRM/input_Password_password'

2023-03-15 12:58:39 - [TEST_STEP][PASSED] - click(findTestObject("ManualModeDemo/Page_OrangeHRM/button_Login")): Object: 'Object Repository/ManualModeDemo/Page_OrangeHRM/button_Login' is clicked on

2023-03-15 12:58:42 - [MESSAGE][PASSED] - Object: 'Object Repository/ManualModeDemo/Page_OrangeHRM/button_Login' is clicked on

2023-03-15 12:58:42 - [TEST_STEP][PASSED] - verifyTextPresent("Dashboard", false): Text 'Dashboard' is present on page 

2023-03-15 12:58:48 - [MESSAGE][PASSED] - Text 'Dashboard' is present on page 

2023-03-15 12:58:48 - [TEST_STEP][PASSED] - closeBrowser(): Browser is closed

2023-03-15 12:58:51 - [MESSAGE][PASSED] - Browser is closed]]></system-out>
         <system-err><![CDATA[]]></system-err>
      </testcase>
      <system-out><![CDATA[2023-03-15 12:57:57 - [TEST_SUITE][PASSED] - LoginTestSuite: Test Cases/Demo/ManualModeDemo]]></system-out>
      <system-err><![CDATA[]]></system-err>
   </testsuite>
</testsuites>
