<?xml version="1.0" encoding="UTF-8"?>
<testsuites name="HerokuTestSuite" time="21.208" tests="1" failures="0" errors="0">
   <testsuite name="HerokuTestSuite" tests="1" failures="0" errors="0" time="21.208" skipped="0" timestamp="2023-03-16 11:20:11" hostname="Raxil.Patel - LP116.1rivet.local" id="Test Suites/HerokuAppDemo/HerokuTestSuite">
      <properties>
         <property name="deviceName" value=""/>
         <property name="devicePlatform" value=""/>
         <property name="logFolder" value="C:\\Users\\Raxil.Patel\\workspace\\Katalon Studio\\Learning\\Web\\Webinar\\Web\\DemoForWebKS\\Reports\\20230316_111952\\HerokuAppDemo\\HerokuTestSuite\\20230316_111953"/>
         <property name="logFiles" value="C:\\Users\\Raxil.Patel\\workspace\\Katalon Studio\\Learning\\Web\\Webinar\\Web\\DemoForWebKS\\Reports\\20230316_111952\\HerokuAppDemo\\HerokuTestSuite\\20230316_111953\\execution0.log"/>
         <property name="attachments" value=""/>
         <property name="hostName" value="Raxil.Patel - LP116.1rivet.local"/>
         <property name="os" value="Windows 10 64bit"/>
         <property name="katalonVersion" value="8.5.5.208"/>
         <property name="browser" value="Chrome 111.0.0.0"/>
         <property name="hostAddress" value="172.16.1.132"/>
         <property name="sessionId" value="9b5b9dbb5c7490be66c6e59476fcd240"/>
         <property name="seleniumVersion" value="3.141.59"/>
         <property name="proxyInformation" value="ProxyInformation { proxyOption=NO_PROXY, proxyServerType=HTTP, username=, password=********, proxyServerAddress=, proxyServerPort=0, executionList=&quot;&quot;, isApplyToDesiredCapabilities=true }"/>
         <property name="platform" value="Windows 10"/>
      </properties>
      <testcase name="Test Cases/Demo/Demo" time="19.701" classname="Test Cases/Demo/Demo" status="PASSED">
         <system-out><![CDATA[2023-03-16 11:20:13 - [TEST_CASE][PASSED] - Test Cases/Demo/Demo: Test Cases/Demo/Demo

2023-03-16 11:20:15 - [TEST_STEP][PASSED] - openBrowser(""): Browser is opened with url: ''

2023-03-16 11:20:16 - [MESSAGE][INFO] - Starting 'Chrome' driver

2023-03-16 11:20:16 - [MESSAGE][INFO] - Action delay is set to 0 milliseconds

2023-03-16 11:20:25 - [MESSAGE][PASSED] - Browser is opened with url: ''

2023-03-16 11:20:25 - [TEST_STEP][PASSED] - navigateToUrl("https://www.google.com"): Navigate to 'https://www.google.com' successfully

2023-03-16 11:20:29 - [MESSAGE][PASSED] - Navigate to 'https://www.google.com' successfully

2023-03-16 11:20:29 - [TEST_STEP][PASSED] - closeBrowser(): Browser is closed

2023-03-16 11:20:30 - [MESSAGE][PASSED] - Browser is closed

2023-03-16 11:20:32 - [TEST_STEP][PASSED] - Video: Video recording for test case 'Test Cases/Demo/Demo' .

2023-03-16 11:20:32 - [MESSAGE][INFO] - Video recording for test case 'Test Cases/Demo/Demo' .]]></system-out>
         <system-err><![CDATA[]]></system-err>
      </testcase>
      <system-out><![CDATA[2023-03-16 11:20:11 - [TEST_SUITE][PASSED] - HerokuTestSuite: Test Cases/Demo/Demo]]></system-out>
      <system-err><![CDATA[]]></system-err>
   </testsuite>
</testsuites>
