<?xml version="1.0" encoding="UTF-8"?>
<testsuites name="LoginTestSuite" time="58.917" tests="1" failures="0" errors="0">
   <testsuite name="LoginTestSuite" tests="1" failures="0" errors="0" time="58.917" skipped="0" timestamp="2023-03-15 17:30:48" hostname="Raxil.Patel - LP116.1rivet.local" id="Test Suites/OrangeHRMSuite/LoginTestSuite">
      <properties>
         <property name="deviceName" value=""/>
         <property name="devicePlatform" value=""/>
         <property name="logFolder" value="C:\\Users\\Raxil.Patel\\workspace\\Katalon Studio\\Learning\\Web\\Webinar\\Web\\DemoForWebKS\\Reports\\20230315_173012\\OrangeHRMSuite\\LoginTestSuite\\20230315_173016"/>
         <property name="logFiles" value="C:\\Users\\Raxil.Patel\\workspace\\Katalon Studio\\Learning\\Web\\Webinar\\Web\\DemoForWebKS\\Reports\\20230315_173012\\OrangeHRMSuite\\LoginTestSuite\\20230315_173016\\execution0.log"/>
         <property name="attachments" value=""/>
         <property name="hostName" value="Raxil.Patel - LP116.1rivet.local"/>
         <property name="os" value="Windows 10 64bit"/>
         <property name="katalonVersion" value="8.5.5.208"/>
         <property name="browser" value="Firefox 111.0"/>
         <property name="hostAddress" value="172.16.1.132"/>
         <property name="sessionId" value="98cbf195-9af0-4e47-8b69-7d8d31a7959d"/>
         <property name="seleniumVersion" value="3.141.59"/>
         <property name="proxyInformation" value="ProxyInformation { proxyOption=NO_PROXY, proxyServerType=HTTP, username=, password=********, proxyServerAddress=, proxyServerPort=0, executionList=&quot;&quot;, isApplyToDesiredCapabilities=true }"/>
         <property name="platform" value="Windows 10"/>
      </properties>
      <testcase name="Test Cases/Demo/ManualModeDemo" time="57.64" classname="Test Cases/Demo/ManualModeDemo" status="PASSED">
         <system-out><![CDATA[2023-03-15 17:30:49 - [TEST_CASE][PASSED] - Test Cases/Demo/ManualModeDemo: Test Cases/Demo/ManualModeDemo

2023-03-15 17:30:51 - [TEST_STEP][PASSED] - openBrowser(""): Browser is opened with url: ''

2023-03-15 17:30:55 - [MESSAGE][INFO] - Starting 'Firefox' driver

2023-03-15 17:30:55 - [MESSAGE][INFO] - Action delay is set to 0 milliseconds

2023-03-15 17:31:18 - [MESSAGE][PASSED] - Browser is opened with url: ''

2023-03-15 17:31:18 - [TEST_STEP][PASSED] - navigateToUrl("https://opensource-demo.orangehrmlive.com/web/index.php/auth/login"): Navigate to 'https://opensource-demo.orangehrmlive.com/web/index.php/auth/login' successfully

2023-03-15 17:31:32 - [MESSAGE][PASSED] - Navigate to 'https://opensource-demo.orangehrmlive.com/web/index.php/auth/login' successfully

2023-03-15 17:31:32 - [TEST_STEP][PASSED] - maximizeWindow(): Current window maximized

2023-03-15 17:31:32 - [MESSAGE][PASSED] - Current window maximized

2023-03-15 17:31:32 - [TEST_STEP][PASSED] - setText(findTestObject("ManualModeDemo/Page_OrangeHRM/input_Username_username"), "Admin"): Text 'Admin' is set on object 'Object Repository/ManualModeDemo/Page_OrangeHRM/input_Username_username'

2023-03-15 17:31:34 - [MESSAGE][PASSED] - Text 'Admin' is set on object 'Object Repository/ManualModeDemo/Page_OrangeHRM/input_Username_username'

2023-03-15 17:31:34 - [TEST_STEP][PASSED] - setEncryptedText(findTestObject("ManualModeDemo/Page_OrangeHRM/input_Password_password"), "hUKwJTbofgPU9eVlw/CnDQ=="): Text ****** has been set on object 'Object Repository/ManualModeDemo/Page_OrangeHRM/input_Password_password'

2023-03-15 17:31:35 - [MESSAGE][PASSED] - Text ****** has been set on object 'Object Repository/ManualModeDemo/Page_OrangeHRM/input_Password_password'

2023-03-15 17:31:35 - [TEST_STEP][PASSED] - click(findTestObject("ManualModeDemo/Page_OrangeHRM/button_Login")): Object: 'Object Repository/ManualModeDemo/Page_OrangeHRM/button_Login' is clicked on

2023-03-15 17:31:38 - [MESSAGE][PASSED] - Object: 'Object Repository/ManualModeDemo/Page_OrangeHRM/button_Login' is clicked on

2023-03-15 17:31:38 - [TEST_STEP][PASSED] - verifyTextPresent("Dashboard", false): Text 'Dashboard' is present on page 

2023-03-15 17:31:43 - [MESSAGE][PASSED] - Text 'Dashboard' is present on page 

2023-03-15 17:31:43 - [TEST_STEP][PASSED] - closeBrowser(): Browser is closed

2023-03-15 17:31:47 - [MESSAGE][PASSED] - Browser is closed]]></system-out>
         <system-err><![CDATA[]]></system-err>
      </testcase>
      <system-out><![CDATA[2023-03-15 17:30:48 - [TEST_SUITE][PASSED] - LoginTestSuite: Test Cases/Demo/ManualModeDemo]]></system-out>
      <system-err><![CDATA[]]></system-err>
   </testsuite>
</testsuites>
