<?xml version="1.0" encoding="UTF-8"?>
<testsuites name="DDTDemo" time="25.804" tests="1" failures="0" errors="0">
   <testsuite name="DDTDemo" tests="1" failures="0" errors="0" time="25.804" skipped="0" timestamp="2023-03-22 15:58:07" hostname="Raxil.Patel - LP116.1rivet.local" id="Test Suites/DDTDemo">
      <properties>
         <property name="deviceName" value=""/>
         <property name="devicePlatform" value=""/>
         <property name="logFolder" value="C:\\Users\\Raxil.Patel\\workspace\\Katalon Studio\\Learning\\Web\\Webinar\\Web\\DemoForWebKS\\Reports\\20230322_155751\\DDTDemo\\20230322_155753"/>
         <property name="logFiles" value="C:\\Users\\Raxil.Patel\\workspace\\Katalon Studio\\Learning\\Web\\Webinar\\Web\\DemoForWebKS\\Reports\\20230322_155751\\DDTDemo\\20230322_155753\\execution0.log"/>
         <property name="attachments" value=""/>
         <property name="hostName" value="Raxil.Patel - LP116.1rivet.local"/>
         <property name="os" value="Windows 10 64bit"/>
         <property name="katalonVersion" value="8.6.0.208"/>
         <property name="browser" value="Chrome 111.0.0.0"/>
         <property name="hostAddress" value="172.16.1.132"/>
         <property name="sessionId" value="5ce1a939253f2b125779bc10c1c9aee4"/>
         <property name="seleniumVersion" value="3.141.59"/>
         <property name="proxyInformation" value="ProxyInformation { proxyOption=NO_PROXY, proxyServerType=HTTP, username=, password=********, proxyServerAddress=, proxyServerPort=0, executionList=&quot;&quot;, isApplyToDesiredCapabilities=true }"/>
         <property name="platform" value="Windows 10"/>
      </properties>
      <testcase name="Test Cases/Demo/DataDrivenTesting" time="24.756" classname="Test Cases/Demo/DataDrivenTesting" status="PASSED">
         <system-out><![CDATA[2023-03-22 15:58:08 - [TEST_CASE][PASSED] - Test Cases/Demo/DataDrivenTesting: Test Cases/Demo/DataDrivenTesting

2023-03-22 15:58:09 - [TEST_STEP][PASSED] - openBrowser("", STOP_ON_FAILURE): Browser is opened with url: ''

2023-03-22 15:58:10 - [MESSAGE][INFO] - Starting 'Chrome' driver

2023-03-22 15:58:10 - [MESSAGE][INFO] - Action delay is set to 0 milliseconds

2023-03-22 15:58:18 - [MESSAGE][PASSED] - Browser is opened with url: ''

2023-03-22 15:58:18 - [TEST_STEP][PASSED] - maximizeWindow(): Current window maximized

2023-03-22 15:58:18 - [MESSAGE][PASSED] - Current window maximized

2023-03-22 15:58:18 - [TEST_STEP][PASSED] - navigateToUrl("https://opensource-demo.orangehrmlive.com/web/index.php/auth/login"): Navigate to 'https://opensource-demo.orangehrmlive.com/web/index.php/auth/login' successfully

2023-03-22 15:58:22 - [MESSAGE][PASSED] - Navigate to 'https://opensource-demo.orangehrmlive.com/web/index.php/auth/login' successfully

2023-03-22 15:58:22 - [TEST_STEP][PASSED] - setText(findTestObject("Object Repository/ManualModeDemo/Page_OrangeHRM/input_Username_username"), username): Text 'Admin' is set on object 'Object Repository/ManualModeDemo/Page_OrangeHRM/input_Username_username'

2023-03-22 15:58:24 - [MESSAGE][PASSED] - Text 'Admin' is set on object 'Object Repository/ManualModeDemo/Page_OrangeHRM/input_Username_username'

2023-03-22 15:58:24 - [TEST_STEP][PASSED] - setEncryptedText(findTestObject("Object Repository/ManualModeDemo/Page_OrangeHRM/input_Password_password"), password): Text ****** has been set on object 'Object Repository/ManualModeDemo/Page_OrangeHRM/input_Password_password'

2023-03-22 15:58:25 - [MESSAGE][PASSED] - Text ****** has been set on object 'Object Repository/ManualModeDemo/Page_OrangeHRM/input_Password_password'

2023-03-22 15:58:25 - [TEST_STEP][PASSED] - click(findTestObject("Object Repository/ManualModeDemo/Page_OrangeHRM/button_Login")): Object: 'Object Repository/ManualModeDemo/Page_OrangeHRM/button_Login' is clicked on

2023-03-22 15:58:26 - [MESSAGE][PASSED] - Object: 'Object Repository/ManualModeDemo/Page_OrangeHRM/button_Login' is clicked on

2023-03-22 15:58:26 - [TEST_STEP][PASSED] - verifyTextPresent("Dashboard", false): Text 'Dashboard' is present on page 

2023-03-22 15:58:29 - [MESSAGE][PASSED] - Text 'Dashboard' is present on page 

2023-03-22 15:58:29 - [TEST_STEP][PASSED] - closeBrowser(): Browser is closed

2023-03-22 15:58:31 - [MESSAGE][PASSED] - Browser is closed

2023-03-22 15:58:33 - [TEST_STEP][PASSED] - Video: Video recording for test case 'Test Cases/Demo/DataDrivenTesting' .

2023-03-22 15:58:33 - [MESSAGE][INFO] - Video recording for test case 'Test Cases/Demo/DataDrivenTesting' .]]></system-out>
         <system-err><![CDATA[]]></system-err>
      </testcase>
      <system-out><![CDATA[2023-03-22 15:58:07 - [TEST_SUITE][PASSED] - DDTDemo: Test Cases/Demo/DataDrivenTesting]]></system-out>
      <system-err><![CDATA[]]></system-err>
   </testsuite>
</testsuites>
